GROUP,PACKAGE,CLASS,INSTRUCTION_MISSED,INSTRUCTION_COVERED,BRANCH_MISSED,BRANCH_COVERED,LINE_MISSED,LINE_COVERED,COMPLEXITY_MISSED,COMPLEXITY_COVERED,METHOD_MISSED,METHOD_COVERED
fr.utc.ida.forge.shareportfolioida:sharePortfolioIDA,tp04.metier,ActionSimple,41,0,4,0,9,0,5,0,3,0
fr.utc.ida.forge.shareportfolioida:sharePortfolioIDA,tp04.metier,Cours,3,0,0,0,1,0,1,0,1,0
fr.utc.ida.forge.shareportfolioida:sharePortfolioIDA,tp04.metier,Action,48,0,6,0,16,0,8,0,5,0
fr.utc.ida.forge.shareportfolioida:sharePortfolioIDA,tp04.metier,ActionSimple.Cours,15,0,0,0,6,0,3,0,3,0
fr.utc.ida.forge.shareportfolioida:sharePortfolioIDA,tp04.metier,ActionComposee,47,0,2,0,10,0,4,0,3,0
fr.utc.ida.forge.shareportfolioida:sharePortfolioIDA,tp04.metier,Portefeuille,115,0,10,0,19,0,10,0,5,0
fr.utc.ida.forge.shareportfolioida:sharePortfolioIDA,tp04.metier,Jour,63,0,8,0,20,0,9,0,5,0
fr.utc.ida.forge.shareportfolioida:sharePortfolioIDA,tp04.metier,Portefeuille.LignePortefeuille,23,0,0,0,9,0,5,0,5,0
