GROUP,PACKAGE,CLASS,INSTRUCTION_MISSED,INSTRUCTION_COVERED,BRANCH_MISSED,BRANCH_COVERED,LINE_MISSED,LINE_COVERED,COMPLEXITY_MISSED,COMPLEXITY_COVERED,METHOD_MISSED,METHOD_COVERED
fr.utc.ida.forge.shareportfolioida:sharePortfolioIDA,tp04.metier,ActionSimple,32,9,4,0,6,3,4,1,2,1
fr.utc.ida.forge.shareportfolioida:sharePortfolioIDA,tp04.metier,Cours,3,0,0,0,1,0,1,0,1,0
fr.utc.ida.forge.shareportfolioida:sharePortfolioIDA,tp04.metier,Action,6,42,3,3,3,13,3,5,0,5
fr.utc.ida.forge.shareportfolioida:sharePortfolioIDA,tp04.metier,ActionSimple.Cours,15,0,0,0,6,0,3,0,3,0
fr.utc.ida.forge.shareportfolioida:sharePortfolioIDA,tp04.metier,ActionComposee,30,41,2,6,5,9,2,6,1,3
fr.utc.ida.forge.shareportfolioida:sharePortfolioIDA,tp04.metier,Portefeuille,137,61,18,8,28,14,15,7,6,3
fr.utc.ida.forge.shareportfolioida:sharePortfolioIDA,tp04.metier,Jour,63,0,8,0,20,0,9,0,5,0
fr.utc.ida.forge.shareportfolioida:sharePortfolioIDA,tp04.metier,Portefeuille.LignePortefeuille,7,16,0,0,2,7,2,3,2,3
